2025-03-21 11:29:12,425 [Worker-2: Loading available Gradle versions] INFO  o.e.b.c.i.u.g.PublishedGradleVersions - Gradle version information cache is not available. Remote download required.
2025-03-30 18:04:30,470 [Worker-4: Loading available Gradle versions] INFO  o.e.b.c.i.u.g.PublishedGradleVersions - Gradle version information cache is out-of-date. Trying to update.
2025-04-04 11:20:58,602 [Worker-1: Loading available Gradle versions] INFO  o.e.b.c.i.u.g.PublishedGradleVersions - Gradle version information cache is out-of-date. Trying to update.
2025-04-08 08:04:39,760 [Worker-6: Loading available Gradle versions] INFO  o.e.b.c.i.u.g.PublishedGradleVersions - Gradle version information cache is out-of-date. Trying to update.
2025-04-09 09:42:14,722 [Worker-1: Loading available Gradle versions] INFO  o.e.b.c.i.u.g.PublishedGradleVersions - Gradle version information cache is out-of-date. Trying to update.
2025-04-09 09:59:44,394 [Worker-1: Loading available Gradle versions] INFO  o.e.b.c.i.u.g.PublishedGradleVersions - Gradle version information cache is up-to-date. Trying to read.
2025-04-10 13:17:03,059 [Worker-5: Loading available Gradle versions] INFO  o.e.b.c.i.u.g.PublishedGradleVersions - Gradle version information cache is out-of-date. Trying to update.
2025-04-10 15:18:27,810 [Worker-10: Loading available Gradle versions] INFO  o.e.b.c.i.u.g.PublishedGradleVersions - Gradle version information cache is up-to-date. Trying to read.
2025-04-11 08:01:48,949 [Worker-3: Loading available Gradle versions] INFO  o.e.b.c.i.u.g.PublishedGradleVersions - Gradle version information cache is up-to-date. Trying to read.
2025-04-14 14:52:35,587 [Worker-2: Loading available Gradle versions] INFO  o.e.b.c.i.u.g.PublishedGradleVersions - Gradle version information cache is out-of-date. Trying to update.
2025-04-15 06:02:09,674 [Worker-2: Loading available Gradle versions] INFO  o.e.b.c.i.u.g.PublishedGradleVersions - Gradle version information cache is up-to-date. Trying to read.
2025-04-15 06:22:22,989 [Worker-9: Loading available Gradle versions] INFO  o.e.b.c.i.u.g.PublishedGradleVersions - Gradle version information cache is up-to-date. Trying to read.
2025-04-15 11:44:18,945 [Worker-1: Loading available Gradle versions] INFO  o.e.b.c.i.u.g.PublishedGradleVersions - Gradle version information cache is up-to-date. Trying to read.
2025-04-15 11:58:48,315 [ModalContext] INFO  o.e.m.c.i.e.AbstractTransferListenerAdapter - Downloading https://repo.maven.apache.org/maven2/org/apache/maven/archetypes/maven-archetype-quickstart/1.5/maven-archetype-quickstart-1.5.pom
2025-04-15 11:58:48,325 [ModalContext] INFO  o.e.m.c.i.e.AbstractTransferListenerAdapter - Downloaded https://repo.maven.apache.org/maven2/org/apache/maven/archetypes/maven-archetype-quickstart/1.5/maven-archetype-quickstart-1.5.pom
2025-04-15 11:58:48,496 [ModalContext] INFO  o.e.m.c.i.e.AbstractTransferListenerAdapter - Downloading https://repo.maven.apache.org/maven2/org/apache/maven/archetypes/maven-archetype-bundles/1.5/maven-archetype-bundles-1.5.pom
2025-04-15 11:58:48,499 [ModalContext] INFO  o.e.m.c.i.e.AbstractTransferListenerAdapter - Downloaded https://repo.maven.apache.org/maven2/org/apache/maven/archetypes/maven-archetype-bundles/1.5/maven-archetype-bundles-1.5.pom
2025-04-15 11:58:48,522 [ModalContext] INFO  o.e.m.c.i.e.AbstractTransferListenerAdapter - Downloading https://repo.maven.apache.org/maven2/org/apache/maven/maven-parent/43/maven-parent-43.pom
2025-04-15 11:58:48,554 [ModalContext] INFO  o.e.m.c.i.e.AbstractTransferListenerAdapter - Downloaded https://repo.maven.apache.org/maven2/org/apache/maven/maven-parent/43/maven-parent-43.pom
2025-04-15 11:58:48,579 [ModalContext] INFO  o.e.m.c.i.e.AbstractTransferListenerAdapter - Downloading https://repo.maven.apache.org/maven2/org/apache/apache/33/apache-33.pom
2025-04-15 11:58:48,582 [ModalContext] INFO  o.e.m.c.i.e.AbstractTransferListenerAdapter - Downloaded https://repo.maven.apache.org/maven2/org/apache/apache/33/apache-33.pom
2025-04-15 11:58:48,615 [ModalContext] INFO  o.e.m.c.i.e.AbstractTransferListenerAdapter - Downloading https://repo.maven.apache.org/maven2/org/junit/junit-bom/5.10.3/junit-bom-5.10.3.pom
2025-04-15 11:58:48,618 [ModalContext] INFO  o.e.m.c.i.e.AbstractTransferListenerAdapter - Downloaded https://repo.maven.apache.org/maven2/org/junit/junit-bom/5.10.3/junit-bom-5.10.3.pom
2025-04-15 11:58:48,641 [ModalContext] INFO  o.e.m.c.i.e.AbstractTransferListenerAdapter - Downloading https://repo.maven.apache.org/maven2/org/apache/maven/archetypes/maven-archetype-quickstart/1.5/maven-archetype-quickstart-1.5.jar
2025-04-15 11:58:48,644 [ModalContext] INFO  o.e.m.c.i.e.AbstractTransferListenerAdapter - Downloaded https://repo.maven.apache.org/maven2/org/apache/maven/archetypes/maven-archetype-quickstart/1.5/maven-archetype-quickstart-1.5.jar
2025-04-15 12:00:27,591 [Worker-25: Launching mavenrun-5eaa145e-73a5-4a80-9498-adbc348438e0] INFO  o.eclipse.m2e.core.internal.Bundles - getClasspathEntries(Bundle=org.eclipse.m2e.maven.runtime_3.9.900.20250220-2013 [297])
2025-04-15 12:00:27,592 [Worker-25: Launching mavenrun-5eaa145e-73a5-4a80-9498-adbc348438e0] INFO  o.eclipse.m2e.core.internal.Bundles - 	Entry: /Applications/Eclipse.app/Contents/Eclipse/plugins/org.eclipse.m2e.maven.runtime_3.9.900.20250220-2013
2025-04-15 12:00:27,592 [Worker-25: Launching mavenrun-5eaa145e-73a5-4a80-9498-adbc348438e0] INFO  o.eclipse.m2e.core.internal.Bundles - 	Entry: /Applications/Eclipse.app/Contents/Eclipse/plugins/org.eclipse.m2e.maven.runtime_3.9.900.20250220-2013/jars/aopalliance-1.0.jar
2025-04-15 12:00:27,592 [Worker-25: Launching mavenrun-5eaa145e-73a5-4a80-9498-adbc348438e0] INFO  o.eclipse.m2e.core.internal.Bundles - 	Entry: /Applications/Eclipse.app/Contents/Eclipse/plugins/org.eclipse.m2e.maven.runtime_3.9.900.20250220-2013/jars/guice-5.1.0.jar
2025-04-15 12:00:27,592 [Worker-25: Launching mavenrun-5eaa145e-73a5-4a80-9498-adbc348438e0] INFO  o.eclipse.m2e.core.internal.Bundles - 	Entry: /Applications/Eclipse.app/Contents/Eclipse/plugins/org.eclipse.m2e.maven.runtime_3.9.900.20250220-2013/jars/httpclient-4.5.14.jar
2025-04-15 12:00:27,592 [Worker-25: Launching mavenrun-5eaa145e-73a5-4a80-9498-adbc348438e0] INFO  o.eclipse.m2e.core.internal.Bundles - 	Entry: /Applications/Eclipse.app/Contents/Eclipse/plugins/org.eclipse.m2e.maven.runtime_3.9.900.20250220-2013/jars/httpcore-4.4.16.jar
2025-04-15 12:00:27,592 [Worker-25: Launching mavenrun-5eaa145e-73a5-4a80-9498-adbc348438e0] INFO  o.eclipse.m2e.core.internal.Bundles - 	Entry: /Applications/Eclipse.app/Contents/Eclipse/plugins/org.eclipse.m2e.maven.runtime_3.9.900.20250220-2013/jars/jansi-2.4.1.jar
2025-04-15 12:00:27,593 [Worker-25: Launching mavenrun-5eaa145e-73a5-4a80-9498-adbc348438e0] INFO  o.eclipse.m2e.core.internal.Bundles - 	Entry: /Applications/Eclipse.app/Contents/Eclipse/plugins/org.eclipse.m2e.maven.runtime_3.9.900.20250220-2013/jars/jcl-over-slf4j-1.7.36.jar
2025-04-15 12:00:27,593 [Worker-25: Launching mavenrun-5eaa145e-73a5-4a80-9498-adbc348438e0] INFO  o.eclipse.m2e.core.internal.Bundles - 	Entry: /Applications/Eclipse.app/Contents/Eclipse/plugins/org.eclipse.m2e.maven.runtime_3.9.900.20250220-2013/jars/maven-artifact-3.9.9.jar
2025-04-15 12:00:27,593 [Worker-25: Launching mavenrun-5eaa145e-73a5-4a80-9498-adbc348438e0] INFO  o.eclipse.m2e.core.internal.Bundles - 	Entry: /Applications/Eclipse.app/Contents/Eclipse/plugins/org.eclipse.m2e.maven.runtime_3.9.900.20250220-2013/jars/maven-builder-support-3.9.9.jar
2025-04-15 12:00:27,593 [Worker-25: Launching mavenrun-5eaa145e-73a5-4a80-9498-adbc348438e0] INFO  o.eclipse.m2e.core.internal.Bundles - 	Entry: /Applications/Eclipse.app/Contents/Eclipse/plugins/org.eclipse.m2e.maven.runtime_3.9.900.20250220-2013/jars/maven-compat-3.9.9.jar
2025-04-15 12:00:27,593 [Worker-25: Launching mavenrun-5eaa145e-73a5-4a80-9498-adbc348438e0] INFO  o.eclipse.m2e.core.internal.Bundles - 	Entry: /Applications/Eclipse.app/Contents/Eclipse/plugins/org.eclipse.m2e.maven.runtime_3.9.900.20250220-2013/jars/maven-core-3.9.9.jar
2025-04-15 12:00:27,593 [Worker-25: Launching mavenrun-5eaa145e-73a5-4a80-9498-adbc348438e0] INFO  o.eclipse.m2e.core.internal.Bundles - 	Entry: /Applications/Eclipse.app/Contents/Eclipse/plugins/org.eclipse.m2e.maven.runtime_3.9.900.20250220-2013/jars/maven-embedder-3.9.9.jar
2025-04-15 12:00:27,593 [Worker-25: Launching mavenrun-5eaa145e-73a5-4a80-9498-adbc348438e0] INFO  o.eclipse.m2e.core.internal.Bundles - 	Entry: /Applications/Eclipse.app/Contents/Eclipse/plugins/org.eclipse.m2e.maven.runtime_3.9.900.20250220-2013/jars/maven-model-3.9.9.jar
2025-04-15 12:00:27,593 [Worker-25: Launching mavenrun-5eaa145e-73a5-4a80-9498-adbc348438e0] INFO  o.eclipse.m2e.core.internal.Bundles - 	Entry: /Applications/Eclipse.app/Contents/Eclipse/plugins/org.eclipse.m2e.maven.runtime_3.9.900.20250220-2013/jars/maven-model-builder-3.9.9.jar
2025-04-15 12:00:27,593 [Worker-25: Launching mavenrun-5eaa145e-73a5-4a80-9498-adbc348438e0] INFO  o.eclipse.m2e.core.internal.Bundles - 	Entry: /Applications/Eclipse.app/Contents/Eclipse/plugins/org.eclipse.m2e.maven.runtime_3.9.900.20250220-2013/jars/maven-plugin-api-3.9.9.jar
2025-04-15 12:00:27,593 [Worker-25: Launching mavenrun-5eaa145e-73a5-4a80-9498-adbc348438e0] INFO  o.eclipse.m2e.core.internal.Bundles - 	Entry: /Applications/Eclipse.app/Contents/Eclipse/plugins/org.eclipse.m2e.maven.runtime_3.9.900.20250220-2013/jars/maven-repository-metadata-3.9.9.jar
2025-04-15 12:00:27,594 [Worker-25: Launching mavenrun-5eaa145e-73a5-4a80-9498-adbc348438e0] INFO  o.eclipse.m2e.core.internal.Bundles - 	Entry: /Applications/Eclipse.app/Contents/Eclipse/plugins/org.eclipse.m2e.maven.runtime_3.9.900.20250220-2013/jars/maven-resolver-api-1.9.22.jar
2025-04-15 12:00:27,594 [Worker-25: Launching mavenrun-5eaa145e-73a5-4a80-9498-adbc348438e0] INFO  o.eclipse.m2e.core.internal.Bundles - 	Entry: /Applications/Eclipse.app/Contents/Eclipse/plugins/org.eclipse.m2e.maven.runtime_3.9.900.20250220-2013/jars/maven-resolver-connector-basic-1.9.22.jar
2025-04-15 12:00:27,594 [Worker-25: Launching mavenrun-5eaa145e-73a5-4a80-9498-adbc348438e0] INFO  o.eclipse.m2e.core.internal.Bundles - 	Entry: /Applications/Eclipse.app/Contents/Eclipse/plugins/org.eclipse.m2e.maven.runtime_3.9.900.20250220-2013/jars/maven-resolver-impl-1.9.22.jar
2025-04-15 12:00:27,594 [Worker-25: Launching mavenrun-5eaa145e-73a5-4a80-9498-adbc348438e0] INFO  o.eclipse.m2e.core.internal.Bundles - 	Entry: /Applications/Eclipse.app/Contents/Eclipse/plugins/org.eclipse.m2e.maven.runtime_3.9.900.20250220-2013/jars/maven-resolver-named-locks-1.9.22.jar
2025-04-15 12:00:27,594 [Worker-25: Launching mavenrun-5eaa145e-73a5-4a80-9498-adbc348438e0] INFO  o.eclipse.m2e.core.internal.Bundles - 	Entry: /Applications/Eclipse.app/Contents/Eclipse/plugins/org.eclipse.m2e.maven.runtime_3.9.900.20250220-2013/jars/maven-resolver-provider-3.9.9.jar
2025-04-15 12:00:27,594 [Worker-25: Launching mavenrun-5eaa145e-73a5-4a80-9498-adbc348438e0] INFO  o.eclipse.m2e.core.internal.Bundles - 	Entry: /Applications/Eclipse.app/Contents/Eclipse/plugins/org.eclipse.m2e.maven.runtime_3.9.900.20250220-2013/jars/maven-resolver-spi-1.9.22.jar
2025-04-15 12:00:27,594 [Worker-25: Launching mavenrun-5eaa145e-73a5-4a80-9498-adbc348438e0] INFO  o.eclipse.m2e.core.internal.Bundles - 	Entry: /Applications/Eclipse.app/Contents/Eclipse/plugins/org.eclipse.m2e.maven.runtime_3.9.900.20250220-2013/jars/maven-resolver-transport-file-1.9.22.jar
2025-04-15 12:00:27,594 [Worker-25: Launching mavenrun-5eaa145e-73a5-4a80-9498-adbc348438e0] INFO  o.eclipse.m2e.core.internal.Bundles - 	Entry: /Applications/Eclipse.app/Contents/Eclipse/plugins/org.eclipse.m2e.maven.runtime_3.9.900.20250220-2013/jars/maven-resolver-transport-http-1.9.22.jar
2025-04-15 12:00:27,594 [Worker-25: Launching mavenrun-5eaa145e-73a5-4a80-9498-adbc348438e0] INFO  o.eclipse.m2e.core.internal.Bundles - 	Entry: /Applications/Eclipse.app/Contents/Eclipse/plugins/org.eclipse.m2e.maven.runtime_3.9.900.20250220-2013/jars/maven-resolver-transport-wagon-1.9.22.jar
2025-04-15 12:00:27,594 [Worker-25: Launching mavenrun-5eaa145e-73a5-4a80-9498-adbc348438e0] INFO  o.eclipse.m2e.core.internal.Bundles - 	Entry: /Applications/Eclipse.app/Contents/Eclipse/plugins/org.eclipse.m2e.maven.runtime_3.9.900.20250220-2013/jars/maven-resolver-util-1.9.22.jar
2025-04-15 12:00:27,595 [Worker-25: Launching mavenrun-5eaa145e-73a5-4a80-9498-adbc348438e0] INFO  o.eclipse.m2e.core.internal.Bundles - 	Entry: /Applications/Eclipse.app/Contents/Eclipse/plugins/org.eclipse.m2e.maven.runtime_3.9.900.20250220-2013/jars/maven-settings-3.9.9.jar
2025-04-15 12:00:27,595 [Worker-25: Launching mavenrun-5eaa145e-73a5-4a80-9498-adbc348438e0] INFO  o.eclipse.m2e.core.internal.Bundles - 	Entry: /Applications/Eclipse.app/Contents/Eclipse/plugins/org.eclipse.m2e.maven.runtime_3.9.900.20250220-2013/jars/maven-settings-builder-3.9.9.jar
2025-04-15 12:00:27,595 [Worker-25: Launching mavenrun-5eaa145e-73a5-4a80-9498-adbc348438e0] INFO  o.eclipse.m2e.core.internal.Bundles - 	Entry: /Applications/Eclipse.app/Contents/Eclipse/plugins/org.eclipse.m2e.maven.runtime_3.9.900.20250220-2013/jars/maven-shared-utils-3.4.2.jar
2025-04-15 12:00:27,595 [Worker-25: Launching mavenrun-5eaa145e-73a5-4a80-9498-adbc348438e0] INFO  o.eclipse.m2e.core.internal.Bundles - 	Entry: /Applications/Eclipse.app/Contents/Eclipse/plugins/org.eclipse.m2e.maven.runtime_3.9.900.20250220-2013/jars/org.eclipse.sisu.inject-0.9.0.M3.jar
2025-04-15 12:00:27,595 [Worker-25: Launching mavenrun-5eaa145e-73a5-4a80-9498-adbc348438e0] INFO  o.eclipse.m2e.core.internal.Bundles - 	Entry: /Applications/Eclipse.app/Contents/Eclipse/plugins/org.eclipse.m2e.maven.runtime_3.9.900.20250220-2013/jars/org.eclipse.sisu.plexus-0.9.0.M3.jar
2025-04-15 12:00:27,595 [Worker-25: Launching mavenrun-5eaa145e-73a5-4a80-9498-adbc348438e0] INFO  o.eclipse.m2e.core.internal.Bundles - 	Entry: /Applications/Eclipse.app/Contents/Eclipse/plugins/org.eclipse.m2e.maven.runtime_3.9.900.20250220-2013/jars/plexus-build-api-0.0.7.jar
2025-04-15 12:00:27,595 [Worker-25: Launching mavenrun-5eaa145e-73a5-4a80-9498-adbc348438e0] INFO  o.eclipse.m2e.core.internal.Bundles - 	Entry: /Applications/Eclipse.app/Contents/Eclipse/plugins/org.eclipse.m2e.maven.runtime_3.9.900.20250220-2013/jars/plexus-build-api-1.2.0.jar
2025-04-15 12:00:27,595 [Worker-25: Launching mavenrun-5eaa145e-73a5-4a80-9498-adbc348438e0] INFO  o.eclipse.m2e.core.internal.Bundles - 	Entry: /Applications/Eclipse.app/Contents/Eclipse/plugins/org.eclipse.m2e.maven.runtime_3.9.900.20250220-2013/jars/plexus-cipher-2.0.jar
2025-04-15 12:00:27,595 [Worker-25: Launching mavenrun-5eaa145e-73a5-4a80-9498-adbc348438e0] INFO  o.eclipse.m2e.core.internal.Bundles - 	Entry: /Applications/Eclipse.app/Contents/Eclipse/plugins/org.eclipse.m2e.maven.runtime_3.9.900.20250220-2013/jars/plexus-classworlds-2.8.0.jar
2025-04-15 12:00:27,595 [Worker-25: Launching mavenrun-5eaa145e-73a5-4a80-9498-adbc348438e0] INFO  o.eclipse.m2e.core.internal.Bundles - 	Entry: /Applications/Eclipse.app/Contents/Eclipse/plugins/org.eclipse.m2e.maven.runtime_3.9.900.20250220-2013/jars/plexus-component-annotations-2.1.0.jar
2025-04-15 12:00:27,596 [Worker-25: Launching mavenrun-5eaa145e-73a5-4a80-9498-adbc348438e0] INFO  o.eclipse.m2e.core.internal.Bundles - 	Entry: /Applications/Eclipse.app/Contents/Eclipse/plugins/org.eclipse.m2e.maven.runtime_3.9.900.20250220-2013/jars/plexus-interpolation-1.27.jar
2025-04-15 12:00:27,596 [Worker-25: Launching mavenrun-5eaa145e-73a5-4a80-9498-adbc348438e0] INFO  o.eclipse.m2e.core.internal.Bundles - 	Entry: /Applications/Eclipse.app/Contents/Eclipse/plugins/org.eclipse.m2e.maven.runtime_3.9.900.20250220-2013/jars/plexus-sec-dispatcher-2.0.jar
2025-04-15 12:00:27,596 [Worker-25: Launching mavenrun-5eaa145e-73a5-4a80-9498-adbc348438e0] INFO  o.eclipse.m2e.core.internal.Bundles - 	Entry: /Applications/Eclipse.app/Contents/Eclipse/plugins/org.eclipse.m2e.maven.runtime_3.9.900.20250220-2013/jars/plexus-utils-3.5.1.jar
2025-04-15 12:00:27,596 [Worker-25: Launching mavenrun-5eaa145e-73a5-4a80-9498-adbc348438e0] INFO  o.eclipse.m2e.core.internal.Bundles - 	Entry: /Applications/Eclipse.app/Contents/Eclipse/plugins/org.eclipse.m2e.maven.runtime_3.9.900.20250220-2013/jars/plexus-xml-3.0.1.jar
2025-04-15 12:00:27,596 [Worker-25: Launching mavenrun-5eaa145e-73a5-4a80-9498-adbc348438e0] INFO  o.eclipse.m2e.core.internal.Bundles - 	Entry: /Applications/Eclipse.app/Contents/Eclipse/plugins/org.eclipse.m2e.maven.runtime_3.9.900.20250220-2013/jars/wagon-file-3.5.3.jar
2025-04-15 12:00:27,596 [Worker-25: Launching mavenrun-5eaa145e-73a5-4a80-9498-adbc348438e0] INFO  o.eclipse.m2e.core.internal.Bundles - 	Entry: /Applications/Eclipse.app/Contents/Eclipse/plugins/org.eclipse.m2e.maven.runtime_3.9.900.20250220-2013/jars/wagon-http-3.5.3.jar
2025-04-15 12:00:27,596 [Worker-25: Launching mavenrun-5eaa145e-73a5-4a80-9498-adbc348438e0] INFO  o.eclipse.m2e.core.internal.Bundles - 	Entry: /Applications/Eclipse.app/Contents/Eclipse/plugins/org.eclipse.m2e.maven.runtime_3.9.900.20250220-2013/jars/wagon-http-shared-3.5.3.jar
2025-04-15 12:00:27,596 [Worker-25: Launching mavenrun-5eaa145e-73a5-4a80-9498-adbc348438e0] INFO  o.eclipse.m2e.core.internal.Bundles - 	Entry: /Applications/Eclipse.app/Contents/Eclipse/plugins/org.eclipse.m2e.maven.runtime_3.9.900.20250220-2013/jars/wagon-provider-api-3.5.3.jar
2025-04-15 12:00:27,598 [Worker-25: Launching mavenrun-5eaa145e-73a5-4a80-9498-adbc348438e0] INFO  o.eclipse.m2e.core.internal.Bundles - getClasspathEntries(Bundle=com.google.guava_33.4.0.jre [12])
2025-04-15 12:00:27,598 [Worker-25: Launching mavenrun-5eaa145e-73a5-4a80-9498-adbc348438e0] INFO  o.eclipse.m2e.core.internal.Bundles - 	Entry: /Applications/Eclipse.app/Contents/Eclipse/plugins/com.google.guava_33.4.0.jre.jar
2025-04-15 12:00:27,598 [Worker-25: Launching mavenrun-5eaa145e-73a5-4a80-9498-adbc348438e0] INFO  o.eclipse.m2e.core.internal.Bundles - getClasspathEntries(Bundle=slf4j.api_2.0.17 [532])
2025-04-15 12:00:27,598 [Worker-25: Launching mavenrun-5eaa145e-73a5-4a80-9498-adbc348438e0] INFO  o.eclipse.m2e.core.internal.Bundles - 	Entry: /Applications/Eclipse.app/Contents/Eclipse/plugins/slf4j.api_2.0.17.jar
2025-04-15 12:00:27,598 [Worker-25: Launching mavenrun-5eaa145e-73a5-4a80-9498-adbc348438e0] INFO  o.eclipse.m2e.core.internal.Bundles - getClasspathEntries(Bundle=jakarta.inject.jakarta.inject-api_1.0.5 [24])
2025-04-15 12:00:27,598 [Worker-25: Launching mavenrun-5eaa145e-73a5-4a80-9498-adbc348438e0] INFO  o.eclipse.m2e.core.internal.Bundles - 	Entry: /Applications/Eclipse.app/Contents/Eclipse/plugins/jakarta.inject.jakarta.inject-api_1.0.5.jar
2025-04-15 12:00:27,598 [Worker-25: Launching mavenrun-5eaa145e-73a5-4a80-9498-adbc348438e0] INFO  o.eclipse.m2e.core.internal.Bundles - getClasspathEntries(Bundle=jakarta.annotation-api_1.3.5 [22])
2025-04-15 12:00:27,599 [Worker-25: Launching mavenrun-5eaa145e-73a5-4a80-9498-adbc348438e0] INFO  o.eclipse.m2e.core.internal.Bundles - 	Entry: /Applications/Eclipse.app/Contents/Eclipse/plugins/jakarta.annotation-api_1.3.5.jar
2025-04-15 12:00:27,599 [Worker-25: Launching mavenrun-5eaa145e-73a5-4a80-9498-adbc348438e0] INFO  o.eclipse.m2e.core.internal.Bundles - getClasspathEntries(Bundle=org.apache.commons.cli_1.9.0 [48])
2025-04-15 12:00:27,599 [Worker-25: Launching mavenrun-5eaa145e-73a5-4a80-9498-adbc348438e0] INFO  o.eclipse.m2e.core.internal.Bundles - 	Entry: /Applications/Eclipse.app/Contents/Eclipse/plugins/org.apache.commons.cli_1.9.0.jar
2025-04-15 12:00:27,599 [Worker-25: Launching mavenrun-5eaa145e-73a5-4a80-9498-adbc348438e0] INFO  o.eclipse.m2e.core.internal.Bundles - getClasspathEntries(Bundle=org.apache.commons.commons-codec_1.16.0 [49])
2025-04-15 12:00:27,599 [Worker-25: Launching mavenrun-5eaa145e-73a5-4a80-9498-adbc348438e0] INFO  o.eclipse.m2e.core.internal.Bundles - 	Entry: /Applications/Eclipse.app/Contents/Eclipse/plugins/org.apache.commons.commons-codec_1.16.0.jar
2025-04-15 12:00:27,599 [Worker-25: Launching mavenrun-5eaa145e-73a5-4a80-9498-adbc348438e0] INFO  o.eclipse.m2e.core.internal.Bundles - getClasspathEntries(Bundle=com.google.guava.failureaccess_1.0.2 [13])
2025-04-15 12:00:27,599 [Worker-25: Launching mavenrun-5eaa145e-73a5-4a80-9498-adbc348438e0] INFO  o.eclipse.m2e.core.internal.Bundles - 	Entry: /Applications/Eclipse.app/Contents/Eclipse/plugins/com.google.guava.failureaccess_1.0.2.jar
2025-04-15 12:00:27,602 [Worker-25: Launching mavenrun-5eaa145e-73a5-4a80-9498-adbc348438e0] INFO  o.e.m.i.launch.MavenLaunchDelegate - Run build in "/var/folders/3c/ldgxhr3n1bq99jzlmsggp9_40000gn/T/m2e-archetypeGenerator16208583185777998129":
2025-04-15 12:00:27,607 [Worker-25: Launching mavenrun-5eaa145e-73a5-4a80-9498-adbc348438e0] INFO  o.e.m.i.launch.MavenLaunchDelegate -  mvn  -DjunitVersion=5.11.0 -DjavaCompilerVersion=17 -DarchetypeGroupId=org.apache.maven.archetypes -DarchetypeArtifactId=maven-archetype-quickstart -DarchetypeVersion=1.5 -DgroupId=Emimvn -DartifactId=mvnEmi -Dversion=0.0.1-SNAPSHOT -Dpackage=Emimvn.mvnEmi -DoutputDirectory="/Users/emilianogarello/Desktop/code/JAVA/curso Java" -Dstyle.color=always -U archetype:generate
2025-04-15 12:00:47,009 [Worker-15: Creating maven-archetype-quickstart] INFO  o.e.m.c.i.p.ProjectConfigurationManager - Collecting project info '/pom.xml' /Users/emilianogarello/Desktop/code/JAVA/curso Java/mvnEmi/pom.xml
2025-04-15 12:00:47,318 [Worker-15: Creating maven-archetype-quickstart] INFO  o.e.m.c.i.e.AbstractTransferListenerAdapter - Downloading https://repo.maven.apache.org/maven2/org/apache/maven/plugins/maven-clean-plugin/3.4.0/maven-clean-plugin-3.4.0.jar
2025-04-15 12:00:47,324 [Worker-15: Creating maven-archetype-quickstart] INFO  o.e.m.c.i.e.AbstractTransferListenerAdapter - Downloaded https://repo.maven.apache.org/maven2/org/apache/maven/plugins/maven-clean-plugin/3.4.0/maven-clean-plugin-3.4.0.jar
2025-04-15 12:00:47,490 [Worker-15: Creating maven-archetype-quickstart] INFO  o.e.m.c.i.e.AbstractTransferListenerAdapter - Downloading https://repo.maven.apache.org/maven2/org/apache/maven/plugins/maven-surefire-plugin/3.3.0/maven-surefire-plugin-3.3.0.jar
2025-04-15 12:00:47,497 [Worker-15: Creating maven-archetype-quickstart] INFO  o.e.m.c.i.e.AbstractTransferListenerAdapter - Downloaded https://repo.maven.apache.org/maven2/org/apache/maven/plugins/maven-surefire-plugin/3.3.0/maven-surefire-plugin-3.3.0.jar
2025-04-15 12:00:47,741 [Worker-15: Creating maven-archetype-quickstart] INFO  o.e.m.c.i.l.LifecycleMappingFactory - Using org.eclipse.m2e.jdt.JarLifecycleMapping lifecycle mapping for MavenProject: Emimvn:mvnEmi:0.0.1-SNAPSHOT @ /Users/emilianogarello/Desktop/code/JAVA/curso Java/mvnEmi/pom.xml.
2025-04-15 12:00:47,777 [Worker-15: Creating maven-archetype-quickstart] INFO  o.e.m.c.i.e.AbstractTransferListenerAdapter - Downloading https://repo.maven.apache.org/maven2/org/junit/jupiter/junit-jupiter-api/5.11.0/junit-jupiter-api-5.11.0.pom
2025-04-15 12:00:47,779 [Worker-15: Creating maven-archetype-quickstart] INFO  o.e.m.c.i.e.AbstractTransferListenerAdapter - Downloaded https://repo.maven.apache.org/maven2/org/junit/jupiter/junit-jupiter-api/5.11.0/junit-jupiter-api-5.11.0.pom
2025-04-15 12:00:47,805 [Worker-15: Creating maven-archetype-quickstart] INFO  o.e.m.c.i.e.AbstractTransferListenerAdapter - Downloading https://repo.maven.apache.org/maven2/org/junit/platform/junit-platform-commons/1.11.0/junit-platform-commons-1.11.0.pom
2025-04-15 12:00:47,807 [Worker-15: Creating maven-archetype-quickstart] INFO  o.e.m.c.i.e.AbstractTransferListenerAdapter - Downloaded https://repo.maven.apache.org/maven2/org/junit/platform/junit-platform-commons/1.11.0/junit-platform-commons-1.11.0.pom
2025-04-15 12:00:47,839 [Worker-15: Creating maven-archetype-quickstart] INFO  o.e.m.c.i.e.AbstractTransferListenerAdapter - Downloading https://repo.maven.apache.org/maven2/org/junit/jupiter/junit-jupiter-params/5.11.0/junit-jupiter-params-5.11.0.pom
2025-04-15 12:00:47,841 [Worker-15: Creating maven-archetype-quickstart] INFO  o.e.m.c.i.e.AbstractTransferListenerAdapter - Downloaded https://repo.maven.apache.org/maven2/org/junit/jupiter/junit-jupiter-params/5.11.0/junit-jupiter-params-5.11.0.pom
2025-04-15 12:00:47,890 [Worker-15: Creating maven-archetype-quickstart] INFO  o.e.m.c.i.e.AbstractTransferListenerAdapter - Downloading https://repo.maven.apache.org/maven2/org/junit/jupiter/junit-jupiter-api/5.11.0/junit-jupiter-api-5.11.0.jar
2025-04-15 12:00:47,917 [Worker-15: Creating maven-archetype-quickstart] INFO  o.e.m.c.i.e.AbstractTransferListenerAdapter - Downloaded https://repo.maven.apache.org/maven2/org/junit/jupiter/junit-jupiter-api/5.11.0/junit-jupiter-api-5.11.0.jar
2025-04-15 12:00:47,942 [BasicRepositoryConnector-repo.maven.apache.org-0-1] INFO  o.e.m.c.i.e.AbstractTransferListenerAdapter - Downloading https://repo.maven.apache.org/maven2/org/junit/jupiter/junit-jupiter-params/5.11.0/junit-jupiter-params-5.11.0.jar
2025-04-15 12:00:48,005 [BasicRepositoryConnector-repo.maven.apache.org-0-1] INFO  o.e.m.c.i.e.AbstractTransferListenerAdapter - Downloaded https://repo.maven.apache.org/maven2/org/junit/jupiter/junit-jupiter-params/5.11.0/junit-jupiter-params-5.11.0.jar
2025-04-15 12:00:48,017 [BasicRepositoryConnector-repo.maven.apache.org-0-0] INFO  o.e.m.c.i.e.AbstractTransferListenerAdapter - Downloading https://repo.maven.apache.org/maven2/org/junit/platform/junit-platform-commons/1.11.0/junit-platform-commons-1.11.0.jar
2025-04-15 12:00:48,059 [BasicRepositoryConnector-repo.maven.apache.org-0-0] INFO  o.e.m.c.i.e.AbstractTransferListenerAdapter - Downloaded https://repo.maven.apache.org/maven2/org/junit/platform/junit-platform-commons/1.11.0/junit-platform-commons-1.11.0.jar
2025-04-15 12:00:48,098 [Worker-15: Creating maven-archetype-quickstart] INFO  o.e.m.c.i.e.AbstractTransferListenerAdapter - Downloading https://repo.maven.apache.org/maven2/org/apache/maven/plugins/maven-surefire-plugin/3.3.0/maven-surefire-plugin-3.3.0.pom
2025-04-15 12:00:48,100 [Worker-15: Creating maven-archetype-quickstart] INFO  o.e.m.c.i.e.AbstractTransferListenerAdapter - Downloaded https://repo.maven.apache.org/maven2/org/apache/maven/plugins/maven-surefire-plugin/3.3.0/maven-surefire-plugin-3.3.0.pom
2025-04-15 12:00:48,118 [Worker-15: Creating maven-archetype-quickstart] INFO  o.e.m.c.i.e.AbstractTransferListenerAdapter - Downloading https://repo.maven.apache.org/maven2/org/apache/maven/surefire/surefire/3.3.0/surefire-3.3.0.pom
2025-04-15 12:00:48,121 [Worker-15: Creating maven-archetype-quickstart] INFO  o.e.m.c.i.e.AbstractTransferListenerAdapter - Downloaded https://repo.maven.apache.org/maven2/org/apache/maven/surefire/surefire/3.3.0/surefire-3.3.0.pom
2025-04-15 12:00:48,147 [Worker-15: Creating maven-archetype-quickstart] INFO  o.e.m.c.i.e.AbstractTransferListenerAdapter - Downloading https://repo.maven.apache.org/maven2/org/apache/maven/plugins/maven-jar-plugin/3.4.2/maven-jar-plugin-3.4.2.pom
2025-04-15 12:00:48,149 [Worker-15: Creating maven-archetype-quickstart] INFO  o.e.m.c.i.e.AbstractTransferListenerAdapter - Downloaded https://repo.maven.apache.org/maven2/org/apache/maven/plugins/maven-jar-plugin/3.4.2/maven-jar-plugin-3.4.2.pom
2025-04-15 12:00:48,182 [Worker-15: Creating maven-archetype-quickstart] INFO  o.e.m.c.i.e.AbstractTransferListenerAdapter - Downloading https://repo.maven.apache.org/maven2/org/apache/maven/shared/file-management/3.1.0/file-management-3.1.0.pom
2025-04-15 12:00:48,184 [Worker-15: Creating maven-archetype-quickstart] INFO  o.e.m.c.i.e.AbstractTransferListenerAdapter - Downloaded https://repo.maven.apache.org/maven2/org/apache/maven/shared/file-management/3.1.0/file-management-3.1.0.pom
2025-04-15 12:00:48,209 [Worker-15: Creating maven-archetype-quickstart] INFO  o.e.m.c.i.e.AbstractTransferListenerAdapter - Downloading https://repo.maven.apache.org/maven2/commons-io/commons-io/2.16.1/commons-io-2.16.1.pom
2025-04-15 12:00:48,211 [Worker-15: Creating maven-archetype-quickstart] INFO  o.e.m.c.i.e.AbstractTransferListenerAdapter - Downloaded https://repo.maven.apache.org/maven2/commons-io/commons-io/2.16.1/commons-io-2.16.1.pom
2025-04-15 12:00:48,249 [Worker-15: Creating maven-archetype-quickstart] INFO  o.e.m.c.i.e.AbstractTransferListenerAdapter - Downloading https://repo.maven.apache.org/maven2/org/apache/commons/commons-lang3/3.14.0/commons-lang3-3.14.0.pom
2025-04-15 12:00:48,253 [Worker-15: Creating maven-archetype-quickstart] INFO  o.e.m.c.i.e.AbstractTransferListenerAdapter - Downloaded https://repo.maven.apache.org/maven2/org/apache/commons/commons-lang3/3.14.0/commons-lang3-3.14.0.pom
2025-04-15 12:00:48,275 [Worker-15: Creating maven-archetype-quickstart] INFO  o.e.m.c.i.e.AbstractTransferListenerAdapter - Downloading https://repo.maven.apache.org/maven2/org/apache/commons/commons-parent/64/commons-parent-64.pom
2025-04-15 12:00:48,285 [Worker-15: Creating maven-archetype-quickstart] INFO  o.e.m.c.i.e.AbstractTransferListenerAdapter - Downloaded https://repo.maven.apache.org/maven2/org/apache/commons/commons-parent/64/commons-parent-64.pom
2025-04-15 12:00:48,331 [Worker-15: Creating maven-archetype-quickstart] INFO  o.e.m.c.i.e.AbstractTransferListenerAdapter - Downloading https://repo.maven.apache.org/maven2/org/apache/maven/shared/file-management/3.1.0/file-management-3.1.0.jar
2025-04-15 12:00:48,334 [Worker-15: Creating maven-archetype-quickstart] INFO  o.e.m.c.i.e.AbstractTransferListenerAdapter - Downloaded https://repo.maven.apache.org/maven2/org/apache/maven/shared/file-management/3.1.0/file-management-3.1.0.jar
2025-04-15 12:00:48,354 [BasicRepositoryConnector-repo.maven.apache.org-1-1] INFO  o.e.m.c.i.e.AbstractTransferListenerAdapter - Downloading https://repo.maven.apache.org/maven2/org/codehaus/plexus/plexus-archiver/4.9.2/plexus-archiver-4.9.2.jar
2025-04-15 12:00:48,368 [BasicRepositoryConnector-repo.maven.apache.org-1-0] INFO  o.e.m.c.i.e.AbstractTransferListenerAdapter - Downloading https://repo.maven.apache.org/maven2/commons-io/commons-io/2.16.1/commons-io-2.16.1.jar
2025-04-15 12:00:48,376 [BasicRepositoryConnector-repo.maven.apache.org-1-1] INFO  o.e.m.c.i.e.AbstractTransferListenerAdapter - Downloaded https://repo.maven.apache.org/maven2/org/codehaus/plexus/plexus-archiver/4.9.2/plexus-archiver-4.9.2.jar
2025-04-15 12:00:48,408 [BasicRepositoryConnector-repo.maven.apache.org-1-1] INFO  o.e.m.c.i.e.AbstractTransferListenerAdapter - Downloading https://repo.maven.apache.org/maven2/org/iq80/snappy/snappy/0.4/snappy-0.4.jar
2025-04-15 12:00:48,412 [BasicRepositoryConnector-repo.maven.apache.org-1-1] INFO  o.e.m.c.i.e.AbstractTransferListenerAdapter - Downloaded https://repo.maven.apache.org/maven2/org/iq80/snappy/snappy/0.4/snappy-0.4.jar
2025-04-15 12:00:48,416 [BasicRepositoryConnector-repo.maven.apache.org-1-4] INFO  o.e.m.c.i.e.AbstractTransferListenerAdapter - Downloading https://repo.maven.apache.org/maven2/org/apache/commons/commons-lang3/3.14.0/commons-lang3-3.14.0.jar
2025-04-15 12:00:48,417 [BasicRepositoryConnector-repo.maven.apache.org-1-3] INFO  o.e.m.c.i.e.AbstractTransferListenerAdapter - Downloading https://repo.maven.apache.org/maven2/org/apache/commons/commons-compress/1.26.1/commons-compress-1.26.1.jar
2025-04-15 12:00:48,422 [BasicRepositoryConnector-repo.maven.apache.org-1-2] INFO  o.e.m.c.i.e.AbstractTransferListenerAdapter - Downloading https://repo.maven.apache.org/maven2/org/codehaus/plexus/plexus-io/3.4.2/plexus-io-3.4.2.jar
2025-04-15 12:00:48,423 [BasicRepositoryConnector-repo.maven.apache.org-1-0] INFO  o.e.m.c.i.e.AbstractTransferListenerAdapter - Downloaded https://repo.maven.apache.org/maven2/commons-io/commons-io/2.16.1/commons-io-2.16.1.jar
2025-04-15 12:00:48,441 [BasicRepositoryConnector-repo.maven.apache.org-1-1] INFO  o.e.m.c.i.e.AbstractTransferListenerAdapter - Downloading https://repo.maven.apache.org/maven2/com/github/luben/zstd-jni/1.5.5-11/zstd-jni-1.5.5-11.jar
2025-04-15 12:00:48,469 [BasicRepositoryConnector-repo.maven.apache.org-1-2] INFO  o.e.m.c.i.e.AbstractTransferListenerAdapter - Downloaded https://repo.maven.apache.org/maven2/org/codehaus/plexus/plexus-io/3.4.2/plexus-io-3.4.2.jar
2025-04-15 12:00:48,969 [BasicRepositoryConnector-repo.maven.apache.org-1-1] INFO  o.e.m.c.i.e.AbstractTransferListenerAdapter - Downloaded https://repo.maven.apache.org/maven2/com/github/luben/zstd-jni/1.5.5-11/zstd-jni-1.5.5-11.jar
2025-04-15 12:00:48,974 [BasicRepositoryConnector-repo.maven.apache.org-1-4] INFO  o.e.m.c.i.e.AbstractTransferListenerAdapter - Downloaded https://repo.maven.apache.org/maven2/org/apache/commons/commons-lang3/3.14.0/commons-lang3-3.14.0.jar
2025-04-15 12:00:48,974 [BasicRepositoryConnector-repo.maven.apache.org-1-3] INFO  o.e.m.c.i.e.AbstractTransferListenerAdapter - Downloaded https://repo.maven.apache.org/maven2/org/apache/commons/commons-compress/1.26.1/commons-compress-1.26.1.jar
2025-04-15 12:00:49,249 [Worker-15: Creating maven-archetype-quickstart] INFO  o.e.m.j.i.AbstractJavaProjectConfigurator - Adding source folder /mvnEmi/src/main/java
2025-04-15 12:00:49,250 [Worker-15: Creating maven-archetype-quickstart] INFO  o.e.m.j.i.AbstractJavaProjectConfigurator - Adding resource folder /mvnEmi/src/main/resources
2025-04-15 12:00:49,253 [Worker-15: Creating maven-archetype-quickstart] INFO  o.e.m.j.i.AbstractJavaProjectConfigurator - Adding source folder /mvnEmi/src/test/java
2025-04-15 12:00:49,253 [Worker-15: Creating maven-archetype-quickstart] INFO  o.e.m.j.i.AbstractJavaProjectConfigurator - Adding resource folder /mvnEmi/src/test/resources
2025-04-15 12:00:49,840 [Worker-15: Creating maven-archetype-quickstart] INFO  o.e.m.c.i.p.ProjectConfigurationManager - Imported and configured 1 project(s) in 2 sec
2025-04-15 12:00:50,194 [Worker-27: Download sources and javadoc] INFO  o.e.m.c.i.e.AbstractTransferListenerAdapter - Downloading https://repo.maven.apache.org/maven2/org/junit/jupiter/junit-jupiter-api/5.11.0/junit-jupiter-api-5.11.0-sources.jar
2025-04-15 12:00:50,243 [Worker-27: Download sources and javadoc] INFO  o.e.m.c.i.e.AbstractTransferListenerAdapter - Downloaded https://repo.maven.apache.org/maven2/org/junit/jupiter/junit-jupiter-api/5.11.0/junit-jupiter-api-5.11.0-sources.jar
2025-04-15 12:00:50,246 [Worker-27: Download sources and javadoc] INFO  o.e.m.j.internal.DownloadSourcesJob - Downloaded sources for org.junit.jupiter:junit-jupiter-api:5.11.0
2025-04-15 12:00:50,304 [Worker-27: Download sources and javadoc] INFO  o.e.m.c.i.e.AbstractTransferListenerAdapter - Downloading https://repo.maven.apache.org/maven2/org/opentest4j/opentest4j/1.3.0/opentest4j-1.3.0-sources.jar
2025-04-15 12:00:50,306 [Worker-27: Download sources and javadoc] INFO  o.e.m.c.i.e.AbstractTransferListenerAdapter - Downloaded https://repo.maven.apache.org/maven2/org/opentest4j/opentest4j/1.3.0/opentest4j-1.3.0-sources.jar
2025-04-15 12:00:50,308 [Worker-27: Download sources and javadoc] INFO  o.e.m.j.internal.DownloadSourcesJob - Downloaded sources for org.opentest4j:opentest4j:1.3.0
2025-04-15 12:00:50,411 [Worker-29: Building] INFO  o.a.m.s.f.DefaultMavenResourcesFiltering - skip non existing resourceDirectory /Users/emilianogarello/Desktop/code/JAVA/curso Java/mvnEmi/src/main/resources
2025-04-15 12:00:50,415 [Worker-29: Building] INFO  o.a.m.s.f.DefaultMavenResourcesFiltering - skip non existing resourceDirectory /Users/emilianogarello/Desktop/code/JAVA/curso Java/mvnEmi/src/test/resources
2025-04-15 12:00:50,527 [Worker-27: Download sources and javadoc] INFO  o.e.m.c.i.e.AbstractTransferListenerAdapter - Downloading https://repo.maven.apache.org/maven2/org/junit/platform/junit-platform-commons/1.11.0/junit-platform-commons-1.11.0-sources.jar
2025-04-15 12:00:50,572 [Worker-27: Download sources and javadoc] INFO  o.e.m.c.i.e.AbstractTransferListenerAdapter - Downloaded https://repo.maven.apache.org/maven2/org/junit/platform/junit-platform-commons/1.11.0/junit-platform-commons-1.11.0-sources.jar
2025-04-15 12:00:50,575 [Worker-27: Download sources and javadoc] INFO  o.e.m.j.internal.DownloadSourcesJob - Downloaded sources for org.junit.platform:junit-platform-commons:1.11.0
2025-04-15 12:00:50,642 [Worker-27: Download sources and javadoc] INFO  o.e.m.c.i.e.AbstractTransferListenerAdapter - Downloading https://repo.maven.apache.org/maven2/org/apiguardian/apiguardian-api/1.1.2/apiguardian-api-1.1.2-sources.jar
2025-04-15 12:00:50,645 [Worker-27: Download sources and javadoc] INFO  o.e.m.c.i.e.AbstractTransferListenerAdapter - Downloaded https://repo.maven.apache.org/maven2/org/apiguardian/apiguardian-api/1.1.2/apiguardian-api-1.1.2-sources.jar
2025-04-15 12:00:50,647 [Worker-27: Download sources and javadoc] INFO  o.e.m.j.internal.DownloadSourcesJob - Downloaded sources for org.apiguardian:apiguardian-api:1.1.2
2025-04-15 12:00:50,727 [Worker-27: Download sources and javadoc] INFO  o.e.m.c.i.e.AbstractTransferListenerAdapter - Downloading https://repo.maven.apache.org/maven2/org/junit/jupiter/junit-jupiter-params/5.11.0/junit-jupiter-params-5.11.0-sources.jar
2025-04-15 12:00:50,768 [Worker-27: Download sources and javadoc] INFO  o.e.m.c.i.e.AbstractTransferListenerAdapter - Downloaded https://repo.maven.apache.org/maven2/org/junit/jupiter/junit-jupiter-params/5.11.0/junit-jupiter-params-5.11.0-sources.jar
2025-04-15 12:00:50,770 [Worker-27: Download sources and javadoc] INFO  o.e.m.j.internal.DownloadSourcesJob - Downloaded sources for org.junit.jupiter:junit-jupiter-params:5.11.0
2025-04-16 08:21:00,734 [Worker-3: Loading available Gradle versions] INFO  o.e.b.c.i.u.g.PublishedGradleVersions - Gradle version information cache is out-of-date. Trying to update.
2025-04-16 09:44:20,297 [Worker-28: Building] INFO  o.a.m.s.f.DefaultMavenResourcesFiltering - skip non existing resourceDirectory /Users/emilianogarello/Desktop/code/JAVA/curso Java/mvnEmi/src/main/resources
2025-04-16 09:44:20,310 [Worker-28: Building] INFO  o.a.m.s.f.DefaultMavenResourcesFiltering - skip non existing resourceDirectory /Users/emilianogarello/Desktop/code/JAVA/curso Java/mvnEmi/src/test/resources
2025-04-16 09:47:21,930 [Worker-29: Building] INFO  o.a.m.s.f.DefaultMavenResourcesFiltering - skip non existing resourceDirectory /Users/emilianogarello/Desktop/code/JAVA/curso Java/mvnEmi/src/main/resources
2025-04-16 09:47:21,933 [Worker-29: Building] INFO  o.a.m.s.f.DefaultMavenResourcesFiltering - skip non existing resourceDirectory /Users/emilianogarello/Desktop/code/JAVA/curso Java/mvnEmi/src/test/resources
2025-04-16 09:51:45,879 [Worker-33: Building] INFO  o.a.m.s.f.DefaultMavenResourcesFiltering - skip non existing resourceDirectory /Users/emilianogarello/Desktop/code/JAVA/curso Java/mvnEmi/src/main/resources
2025-04-16 09:51:45,882 [Worker-33: Building] INFO  o.a.m.s.f.DefaultMavenResourcesFiltering - skip non existing resourceDirectory /Users/emilianogarello/Desktop/code/JAVA/curso Java/mvnEmi/src/test/resources
2025-04-16 09:51:55,558 [Worker-30: Building] INFO  o.a.m.s.f.DefaultMavenResourcesFiltering - skip non existing resourceDirectory /Users/emilianogarello/Desktop/code/JAVA/curso Java/mvnEmi/src/main/resources
2025-04-16 09:51:55,560 [Worker-30: Building] INFO  o.a.m.s.f.DefaultMavenResourcesFiltering - skip non existing resourceDirectory /Users/emilianogarello/Desktop/code/JAVA/curso Java/mvnEmi/src/test/resources
2025-04-16 09:53:59,216 [Worker-31: Building] INFO  o.a.m.s.f.DefaultMavenResourcesFiltering - skip non existing resourceDirectory /Users/emilianogarello/Desktop/code/JAVA/curso Java/mvnEmi/src/main/resources
2025-04-16 09:53:59,217 [Worker-31: Building] INFO  o.a.m.s.f.DefaultMavenResourcesFiltering - skip non existing resourceDirectory /Users/emilianogarello/Desktop/code/JAVA/curso Java/mvnEmi/src/test/resources
2025-04-16 09:54:37,696 [Worker-31: Building] INFO  o.a.m.s.f.DefaultMavenResourcesFiltering - skip non existing resourceDirectory /Users/emilianogarello/Desktop/code/JAVA/curso Java/mvnEmi/src/main/resources
2025-04-16 09:54:37,698 [Worker-31: Building] INFO  o.a.m.s.f.DefaultMavenResourcesFiltering - skip non existing resourceDirectory /Users/emilianogarello/Desktop/code/JAVA/curso Java/mvnEmi/src/test/resources
2025-04-16 09:57:06,281 [Worker-36: Building] INFO  o.a.m.s.f.DefaultMavenResourcesFiltering - skip non existing resourceDirectory /Users/emilianogarello/Desktop/code/JAVA/curso Java/mvnEmi/src/main/resources
2025-04-16 09:57:06,282 [Worker-36: Building] INFO  o.a.m.s.f.DefaultMavenResourcesFiltering - skip non existing resourceDirectory /Users/emilianogarello/Desktop/code/JAVA/curso Java/mvnEmi/src/test/resources
2025-04-16 09:57:21,168 [Worker-35: Building] INFO  o.a.m.s.f.DefaultMavenResourcesFiltering - skip non existing resourceDirectory /Users/emilianogarello/Desktop/code/JAVA/curso Java/mvnEmi/src/main/resources
2025-04-16 09:57:21,170 [Worker-35: Building] INFO  o.a.m.s.f.DefaultMavenResourcesFiltering - skip non existing resourceDirectory /Users/emilianogarello/Desktop/code/JAVA/curso Java/mvnEmi/src/test/resources
2025-04-16 10:00:22,709 [Worker-34: Building] INFO  o.a.m.s.f.DefaultMavenResourcesFiltering - skip non existing resourceDirectory /Users/emilianogarello/Desktop/code/JAVA/curso Java/mvnEmi/src/main/resources
2025-04-16 10:00:22,711 [Worker-34: Building] INFO  o.a.m.s.f.DefaultMavenResourcesFiltering - skip non existing resourceDirectory /Users/emilianogarello/Desktop/code/JAVA/curso Java/mvnEmi/src/test/resources
2025-04-16 10:02:40,177 [Worker-36: Building] INFO  o.a.m.s.f.DefaultMavenResourcesFiltering - skip non existing resourceDirectory /Users/emilianogarello/Desktop/code/JAVA/curso Java/mvnEmi/src/main/resources
2025-04-16 10:02:40,179 [Worker-36: Building] INFO  o.a.m.s.f.DefaultMavenResourcesFiltering - skip non existing resourceDirectory /Users/emilianogarello/Desktop/code/JAVA/curso Java/mvnEmi/src/test/resources
2025-04-16 10:03:29,523 [Worker-38: Building] INFO  o.a.m.s.f.DefaultMavenResourcesFiltering - skip non existing resourceDirectory /Users/emilianogarello/Desktop/code/JAVA/curso Java/mvnEmi/src/main/resources
2025-04-16 10:03:29,525 [Worker-38: Building] INFO  o.a.m.s.f.DefaultMavenResourcesFiltering - skip non existing resourceDirectory /Users/emilianogarello/Desktop/code/JAVA/curso Java/mvnEmi/src/test/resources
2025-04-16 10:09:31,738 [Worker-40: Building] INFO  o.a.m.s.f.DefaultMavenResourcesFiltering - skip non existing resourceDirectory /Users/emilianogarello/Desktop/code/JAVA/curso Java/mvnEmi/src/main/resources
2025-04-16 10:09:31,740 [Worker-40: Building] INFO  o.a.m.s.f.DefaultMavenResourcesFiltering - skip non existing resourceDirectory /Users/emilianogarello/Desktop/code/JAVA/curso Java/mvnEmi/src/test/resources
2025-04-16 10:15:19,912 [Worker-37: Building] INFO  o.a.m.s.f.DefaultMavenResourcesFiltering - skip non existing resourceDirectory /Users/emilianogarello/Desktop/code/JAVA/curso Java/mvnEmi/src/main/resources
2025-04-16 10:15:19,914 [Worker-37: Building] INFO  o.a.m.s.f.DefaultMavenResourcesFiltering - skip non existing resourceDirectory /Users/emilianogarello/Desktop/code/JAVA/curso Java/mvnEmi/src/test/resources
2025-04-16 10:37:49,328 [Worker-49: Launching Main] INFO  o.a.m.s.f.DefaultMavenResourcesFiltering - skip non existing resourceDirectory /Users/emilianogarello/Desktop/code/JAVA/curso Java/mvnEmi/src/main/resources
2025-04-16 10:37:49,330 [Worker-49: Launching Main] INFO  o.a.m.s.f.DefaultMavenResourcesFiltering - skip non existing resourceDirectory /Users/emilianogarello/Desktop/code/JAVA/curso Java/mvnEmi/src/test/resources
2025-04-16 10:38:18,430 [Worker-48: Building] INFO  o.a.m.s.f.DefaultMavenResourcesFiltering - skip non existing resourceDirectory /Users/emilianogarello/Desktop/code/JAVA/curso Java/mvnEmi/src/main/resources
2025-04-16 10:38:18,431 [Worker-48: Building] INFO  o.a.m.s.f.DefaultMavenResourcesFiltering - skip non existing resourceDirectory /Users/emilianogarello/Desktop/code/JAVA/curso Java/mvnEmi/src/test/resources
2025-04-16 10:43:15,867 [Worker-46: Building] INFO  o.a.m.s.f.DefaultMavenResourcesFiltering - skip non existing resourceDirectory /Users/emilianogarello/Desktop/code/JAVA/curso Java/mvnEmi/src/main/resources
2025-04-16 10:43:15,870 [Worker-46: Building] INFO  o.a.m.s.f.DefaultMavenResourcesFiltering - skip non existing resourceDirectory /Users/emilianogarello/Desktop/code/JAVA/curso Java/mvnEmi/src/test/resources
2025-04-16 10:43:25,972 [Worker-51: Building] INFO  o.a.m.s.f.DefaultMavenResourcesFiltering - skip non existing resourceDirectory /Users/emilianogarello/Desktop/code/JAVA/curso Java/mvnEmi/src/main/resources
2025-04-16 10:43:25,973 [Worker-51: Building] INFO  o.a.m.s.f.DefaultMavenResourcesFiltering - skip non existing resourceDirectory /Users/emilianogarello/Desktop/code/JAVA/curso Java/mvnEmi/src/test/resources
2025-04-16 10:43:32,892 [Worker-47: Building] INFO  o.a.m.s.f.DefaultMavenResourcesFiltering - skip non existing resourceDirectory /Users/emilianogarello/Desktop/code/JAVA/curso Java/mvnEmi/src/main/resources
2025-04-16 10:43:32,894 [Worker-47: Building] INFO  o.a.m.s.f.DefaultMavenResourcesFiltering - skip non existing resourceDirectory /Users/emilianogarello/Desktop/code/JAVA/curso Java/mvnEmi/src/test/resources
2025-04-16 10:43:51,463 [Worker-51: Building] INFO  o.a.m.s.f.DefaultMavenResourcesFiltering - skip non existing resourceDirectory /Users/emilianogarello/Desktop/code/JAVA/curso Java/mvnEmi/src/main/resources
2025-04-16 10:43:51,465 [Worker-51: Building] INFO  o.a.m.s.f.DefaultMavenResourcesFiltering - skip non existing resourceDirectory /Users/emilianogarello/Desktop/code/JAVA/curso Java/mvnEmi/src/test/resources
2025-04-16 10:44:03,045 [Worker-46: Building] INFO  o.a.m.s.f.DefaultMavenResourcesFiltering - skip non existing resourceDirectory /Users/emilianogarello/Desktop/code/JAVA/curso Java/mvnEmi/src/main/resources
2025-04-16 10:44:03,046 [Worker-46: Building] INFO  o.a.m.s.f.DefaultMavenResourcesFiltering - skip non existing resourceDirectory /Users/emilianogarello/Desktop/code/JAVA/curso Java/mvnEmi/src/test/resources
2025-04-16 10:44:44,041 [Worker-47: Building] INFO  o.a.m.s.f.DefaultMavenResourcesFiltering - skip non existing resourceDirectory /Users/emilianogarello/Desktop/code/JAVA/curso Java/mvnEmi/src/main/resources
2025-04-16 10:44:44,042 [Worker-47: Building] INFO  o.a.m.s.f.DefaultMavenResourcesFiltering - skip non existing resourceDirectory /Users/emilianogarello/Desktop/code/JAVA/curso Java/mvnEmi/src/test/resources
2025-04-16 10:49:05,631 [Worker-47: Building] INFO  o.a.m.s.f.DefaultMavenResourcesFiltering - skip non existing resourceDirectory /Users/emilianogarello/Desktop/code/JAVA/curso Java/mvnEmi/src/main/resources
2025-04-16 10:49:05,633 [Worker-47: Building] INFO  o.a.m.s.f.DefaultMavenResourcesFiltering - skip non existing resourceDirectory /Users/emilianogarello/Desktop/code/JAVA/curso Java/mvnEmi/src/test/resources
2025-04-16 10:49:56,603 [Worker-53: Building] INFO  o.a.m.s.f.DefaultMavenResourcesFiltering - skip non existing resourceDirectory /Users/emilianogarello/Desktop/code/JAVA/curso Java/mvnEmi/src/main/resources
2025-04-16 10:49:56,605 [Worker-53: Building] INFO  o.a.m.s.f.DefaultMavenResourcesFiltering - skip non existing resourceDirectory /Users/emilianogarello/Desktop/code/JAVA/curso Java/mvnEmi/src/test/resources
2025-04-16 10:50:16,718 [Worker-54: Building] INFO  o.a.m.s.f.DefaultMavenResourcesFiltering - skip non existing resourceDirectory /Users/emilianogarello/Desktop/code/JAVA/curso Java/mvnEmi/src/main/resources
2025-04-16 10:50:16,720 [Worker-54: Building] INFO  o.a.m.s.f.DefaultMavenResourcesFiltering - skip non existing resourceDirectory /Users/emilianogarello/Desktop/code/JAVA/curso Java/mvnEmi/src/test/resources
2025-04-16 10:51:46,471 [Worker-53: Building] INFO  o.a.m.s.f.DefaultMavenResourcesFiltering - skip non existing resourceDirectory /Users/emilianogarello/Desktop/code/JAVA/curso Java/mvnEmi/src/main/resources
2025-04-16 10:51:46,473 [Worker-53: Building] INFO  o.a.m.s.f.DefaultMavenResourcesFiltering - skip non existing resourceDirectory /Users/emilianogarello/Desktop/code/JAVA/curso Java/mvnEmi/src/test/resources
2025-04-16 10:52:32,651 [Worker-57: Building] INFO  o.a.m.s.f.DefaultMavenResourcesFiltering - skip non existing resourceDirectory /Users/emilianogarello/Desktop/code/JAVA/curso Java/mvnEmi/src/main/resources
2025-04-16 10:52:32,652 [Worker-57: Building] INFO  o.a.m.s.f.DefaultMavenResourcesFiltering - skip non existing resourceDirectory /Users/emilianogarello/Desktop/code/JAVA/curso Java/mvnEmi/src/test/resources
2025-04-16 14:58:18,400 [Worker-67: Building] INFO  o.a.m.s.f.DefaultMavenResourcesFiltering - skip non existing resourceDirectory /Users/emilianogarello/Desktop/code/JAVA/curso Java/mvnEmi/src/main/resources
2025-04-16 14:58:18,403 [Worker-67: Building] INFO  o.a.m.s.f.DefaultMavenResourcesFiltering - skip non existing resourceDirectory /Users/emilianogarello/Desktop/code/JAVA/curso Java/mvnEmi/src/test/resources
2025-04-18 10:48:41,611 [Worker-0: Loading available Gradle versions] INFO  o.e.b.c.i.u.g.PublishedGradleVersions - Gradle version information cache is out-of-date. Trying to update.
2025-04-18 10:55:12,078 [Worker-29: Building] INFO  o.a.m.s.f.DefaultMavenResourcesFiltering - skip non existing resourceDirectory /Users/emilianogarello/Desktop/code/JAVA/curso Java/mvnEmi/src/main/resources
2025-04-18 10:55:12,085 [Worker-29: Building] INFO  o.a.m.s.f.DefaultMavenResourcesFiltering - skip non existing resourceDirectory /Users/emilianogarello/Desktop/code/JAVA/curso Java/mvnEmi/src/test/resources
2025-04-20 17:52:29,203 [Worker-6: Loading available Gradle versions] INFO  o.e.b.c.i.u.g.PublishedGradleVersions - Gradle version information cache is out-of-date. Trying to update.
2025-04-21 08:59:36,364 [Worker-5: Loading available Gradle versions] INFO  o.e.b.c.i.u.g.PublishedGradleVersions - Gradle version information cache is up-to-date. Trying to read.
2025-04-21 12:45:28,476 [Worker-36: Building] INFO  o.a.m.s.f.DefaultMavenResourcesFiltering - skip non existing resourceDirectory /Users/emilianogarello/Desktop/code/JAVA/curso Java/mvnEmi/src/main/resources
2025-04-21 12:45:28,481 [Worker-36: Building] INFO  o.a.m.s.f.DefaultMavenResourcesFiltering - skip non existing resourceDirectory /Users/emilianogarello/Desktop/code/JAVA/curso Java/mvnEmi/src/test/resources
2025-04-21 12:45:30,035 [Worker-34: Building] INFO  o.a.m.s.f.DefaultMavenResourcesFiltering - skip non existing resourceDirectory /Users/emilianogarello/Desktop/code/JAVA/curso Java/mvnEmi/src/main/resources
2025-04-21 12:45:30,037 [Worker-34: Building] INFO  o.a.m.s.f.DefaultMavenResourcesFiltering - skip non existing resourceDirectory /Users/emilianogarello/Desktop/code/JAVA/curso Java/mvnEmi/src/test/resources
2025-04-21 12:48:22,157 [Worker-36: Building] INFO  o.a.m.s.f.DefaultMavenResourcesFiltering - skip non existing resourceDirectory /Users/emilianogarello/Desktop/code/JAVA/curso Java/mvnEmi/src/main/resources
2025-04-21 12:48:22,160 [Worker-36: Building] INFO  o.a.m.s.f.DefaultMavenResourcesFiltering - skip non existing resourceDirectory /Users/emilianogarello/Desktop/code/JAVA/curso Java/mvnEmi/src/test/resources
2025-04-21 12:50:43,457 [Worker-39: Building] INFO  o.a.m.s.f.DefaultMavenResourcesFiltering - skip non existing resourceDirectory /Users/emilianogarello/Desktop/code/JAVA/curso Java/mvnEmi/src/main/resources
2025-04-21 12:50:43,459 [Worker-39: Building] INFO  o.a.m.s.f.DefaultMavenResourcesFiltering - skip non existing resourceDirectory /Users/emilianogarello/Desktop/code/JAVA/curso Java/mvnEmi/src/test/resources
2025-04-21 13:38:52,082 [Worker-41: Building] INFO  o.a.m.s.f.DefaultMavenResourcesFiltering - skip non existing resourceDirectory /Users/emilianogarello/Desktop/code/JAVA/curso Java/mvnEmi/src/main/resources
2025-04-21 13:38:52,086 [Worker-41: Building] INFO  o.a.m.s.f.DefaultMavenResourcesFiltering - skip non existing resourceDirectory /Users/emilianogarello/Desktop/code/JAVA/curso Java/mvnEmi/src/test/resources
2025-04-21 13:39:10,314 [Worker-40: Building] INFO  o.a.m.s.f.DefaultMavenResourcesFiltering - skip non existing resourceDirectory /Users/emilianogarello/Desktop/code/JAVA/curso Java/mvnEmi/src/main/resources
2025-04-21 13:39:10,316 [Worker-40: Building] INFO  o.a.m.s.f.DefaultMavenResourcesFiltering - skip non existing resourceDirectory /Users/emilianogarello/Desktop/code/JAVA/curso Java/mvnEmi/src/test/resources
2025-04-21 13:48:59,143 [Worker-45: Building] INFO  o.a.m.s.f.DefaultMavenResourcesFiltering - skip non existing resourceDirectory /Users/emilianogarello/Desktop/code/JAVA/curso Java/mvnEmi/src/main/resources
2025-04-21 13:48:59,145 [Worker-45: Building] INFO  o.a.m.s.f.DefaultMavenResourcesFiltering - skip non existing resourceDirectory /Users/emilianogarello/Desktop/code/JAVA/curso Java/mvnEmi/src/test/resources
2025-04-21 13:49:09,300 [Worker-40: Building] INFO  o.a.m.s.f.DefaultMavenResourcesFiltering - skip non existing resourceDirectory /Users/emilianogarello/Desktop/code/JAVA/curso Java/mvnEmi/src/main/resources
2025-04-21 13:49:09,302 [Worker-40: Building] INFO  o.a.m.s.f.DefaultMavenResourcesFiltering - skip non existing resourceDirectory /Users/emilianogarello/Desktop/code/JAVA/curso Java/mvnEmi/src/test/resources
2025-04-21 14:30:12,936 [Worker-45: Building] INFO  o.a.m.s.f.DefaultMavenResourcesFiltering - skip non existing resourceDirectory /Users/emilianogarello/Desktop/code/JAVA/curso Java/mvnEmi/src/main/resources
2025-04-21 14:30:12,939 [Worker-45: Building] INFO  o.a.m.s.f.DefaultMavenResourcesFiltering - skip non existing resourceDirectory /Users/emilianogarello/Desktop/code/JAVA/curso Java/mvnEmi/src/test/resources
2025-04-21 14:30:22,271 [Worker-50: Building] INFO  o.a.m.s.f.DefaultMavenResourcesFiltering - skip non existing resourceDirectory /Users/emilianogarello/Desktop/code/JAVA/curso Java/mvnEmi/src/main/resources
2025-04-21 14:30:22,272 [Worker-50: Building] INFO  o.a.m.s.f.DefaultMavenResourcesFiltering - skip non existing resourceDirectory /Users/emilianogarello/Desktop/code/JAVA/curso Java/mvnEmi/src/test/resources
2025-04-21 14:30:34,101 [Worker-50: Building] INFO  o.a.m.s.f.DefaultMavenResourcesFiltering - skip non existing resourceDirectory /Users/emilianogarello/Desktop/code/JAVA/curso Java/mvnEmi/src/main/resources
2025-04-21 14:30:34,104 [Worker-50: Building] INFO  o.a.m.s.f.DefaultMavenResourcesFiltering - skip non existing resourceDirectory /Users/emilianogarello/Desktop/code/JAVA/curso Java/mvnEmi/src/test/resources
2025-04-21 14:31:51,149 [Worker-51: Building] INFO  o.a.m.s.f.DefaultMavenResourcesFiltering - skip non existing resourceDirectory /Users/emilianogarello/Desktop/code/JAVA/curso Java/mvnEmi/src/main/resources
2025-04-21 14:31:51,152 [Worker-51: Building] INFO  o.a.m.s.f.DefaultMavenResourcesFiltering - skip non existing resourceDirectory /Users/emilianogarello/Desktop/code/JAVA/curso Java/mvnEmi/src/test/resources
2025-04-21 14:33:08,117 [Worker-51: Building] INFO  o.a.m.s.f.DefaultMavenResourcesFiltering - skip non existing resourceDirectory /Users/emilianogarello/Desktop/code/JAVA/curso Java/mvnEmi/src/main/resources
2025-04-21 14:33:08,120 [Worker-51: Building] INFO  o.a.m.s.f.DefaultMavenResourcesFiltering - skip non existing resourceDirectory /Users/emilianogarello/Desktop/code/JAVA/curso Java/mvnEmi/src/test/resources
2025-04-21 14:33:17,390 [Worker-52: Building] INFO  o.a.m.s.f.DefaultMavenResourcesFiltering - skip non existing resourceDirectory /Users/emilianogarello/Desktop/code/JAVA/curso Java/mvnEmi/src/main/resources
2025-04-21 14:33:17,392 [Worker-52: Building] INFO  o.a.m.s.f.DefaultMavenResourcesFiltering - skip non existing resourceDirectory /Users/emilianogarello/Desktop/code/JAVA/curso Java/mvnEmi/src/test/resources
2025-04-21 14:35:16,319 [Worker-52: Building] INFO  o.a.m.s.f.DefaultMavenResourcesFiltering - skip non existing resourceDirectory /Users/emilianogarello/Desktop/code/JAVA/curso Java/mvnEmi/src/main/resources
2025-04-21 14:35:16,321 [Worker-52: Building] INFO  o.a.m.s.f.DefaultMavenResourcesFiltering - skip non existing resourceDirectory /Users/emilianogarello/Desktop/code/JAVA/curso Java/mvnEmi/src/test/resources
2025-04-21 14:36:14,751 [Worker-43: Building] INFO  o.a.m.s.f.DefaultMavenResourcesFiltering - skip non existing resourceDirectory /Users/emilianogarello/Desktop/code/JAVA/curso Java/mvnEmi/src/main/resources
2025-04-21 14:36:14,753 [Worker-43: Building] INFO  o.a.m.s.f.DefaultMavenResourcesFiltering - skip non existing resourceDirectory /Users/emilianogarello/Desktop/code/JAVA/curso Java/mvnEmi/src/test/resources
2025-04-21 14:36:52,724 [Worker-50: Building] INFO  o.a.m.s.f.DefaultMavenResourcesFiltering - skip non existing resourceDirectory /Users/emilianogarello/Desktop/code/JAVA/curso Java/mvnEmi/src/main/resources
2025-04-21 14:36:52,727 [Worker-50: Building] INFO  o.a.m.s.f.DefaultMavenResourcesFiltering - skip non existing resourceDirectory /Users/emilianogarello/Desktop/code/JAVA/curso Java/mvnEmi/src/test/resources
2025-04-21 14:38:40,614 [Worker-43: Building] INFO  o.a.m.s.f.DefaultMavenResourcesFiltering - skip non existing resourceDirectory /Users/emilianogarello/Desktop/code/JAVA/curso Java/mvnEmi/src/main/resources
2025-04-21 14:38:40,616 [Worker-43: Building] INFO  o.a.m.s.f.DefaultMavenResourcesFiltering - skip non existing resourceDirectory /Users/emilianogarello/Desktop/code/JAVA/curso Java/mvnEmi/src/test/resources
2025-04-21 14:39:13,735 [Worker-51: Building] INFO  o.a.m.s.f.DefaultMavenResourcesFiltering - skip non existing resourceDirectory /Users/emilianogarello/Desktop/code/JAVA/curso Java/mvnEmi/src/main/resources
2025-04-21 14:39:13,737 [Worker-51: Building] INFO  o.a.m.s.f.DefaultMavenResourcesFiltering - skip non existing resourceDirectory /Users/emilianogarello/Desktop/code/JAVA/curso Java/mvnEmi/src/test/resources
2025-04-21 15:10:38,882 [Worker-56: Building] INFO  o.a.m.s.f.DefaultMavenResourcesFiltering - skip non existing resourceDirectory /Users/emilianogarello/Desktop/code/JAVA/curso Java/mvnEmi/src/main/resources
2025-04-21 15:10:38,884 [Worker-56: Building] INFO  o.a.m.s.f.DefaultMavenResourcesFiltering - skip non existing resourceDirectory /Users/emilianogarello/Desktop/code/JAVA/curso Java/mvnEmi/src/test/resources
2025-04-21 15:39:10,548 [Worker-59: Building] INFO  o.a.m.s.f.DefaultMavenResourcesFiltering - skip non existing resourceDirectory /Users/emilianogarello/Desktop/code/JAVA/curso Java/mvnEmi/src/main/resources
2025-04-21 15:39:10,551 [Worker-59: Building] INFO  o.a.m.s.f.DefaultMavenResourcesFiltering - skip non existing resourceDirectory /Users/emilianogarello/Desktop/code/JAVA/curso Java/mvnEmi/src/test/resources
2025-04-22 09:01:08,320 [Worker-6: Loading available Gradle versions] INFO  o.e.b.c.i.u.g.PublishedGradleVersions - Gradle version information cache is out-of-date. Trying to update.
2025-04-22 09:06:21,282 [Worker-34: Building] INFO  o.a.m.s.f.DefaultMavenResourcesFiltering - skip non existing resourceDirectory /Users/emilianogarello/Desktop/code/JAVA/curso Java/mvnEmi/src/main/resources
2025-04-22 09:06:21,289 [Worker-34: Building] INFO  o.a.m.s.f.DefaultMavenResourcesFiltering - skip non existing resourceDirectory /Users/emilianogarello/Desktop/code/JAVA/curso Java/mvnEmi/src/test/resources
2025-04-22 11:03:31,663 [Worker-41: Building] INFO  o.a.m.s.f.DefaultMavenResourcesFiltering - skip non existing resourceDirectory /Users/emilianogarello/Desktop/code/JAVA/curso Java/mvnEmi/src/main/resources
2025-04-22 11:03:31,666 [Worker-41: Building] INFO  o.a.m.s.f.DefaultMavenResourcesFiltering - skip non existing resourceDirectory /Users/emilianogarello/Desktop/code/JAVA/curso Java/mvnEmi/src/test/resources
